# JRE version: OpenJDK Runtime Environment (21.0.4) (build 21.0.4+-12508038-b607.1)
# Java VM: OpenJDK 64-Bit Server VM (21.0.4+-12508038-b607.1, mixed mode, tiered, compressed oops, compressed class ptrs, g1 gc, windows-amd64)
GC Precious Log:
 CardTable entry size: 512
 Card Set container configuration: InlinePtr #cards 5 size 8 Array Of Cards #cards 12 size 40 Howl #buckets 4 coarsen threshold 1843 Howl Bitmap #cards 512 size 80 coarsen threshold 460 Card regions per heap region 1 cards per card region 2048
 CPUs: 4 total, 4 available
 Memory: 4027M
 Large Page Support: Disabled
 NUMA Support: Disabled
 Compressed Oops: Enabled (32-bit)
 Heap Region Size: 1M
 Heap Min Capacity: 8M
 Heap Initial Capacity: 64M
 Heap Max Capacity: 2G
 Pre-touch: Disabled
 Parallel Workers: 4
 Concurrent Workers: 1
 Concurrent Refinement Workers: 4
 Periodic GC: Disabled
Heap:
 garbage-first heap   total 297984K, used 172522K [0x0000000080000000, 0x0000000100000000)
  region size 1024K, 13 young (13312K), 13 survivors (13312K)
 Metaspace       used 141792K, committed 143936K, reserved 1179648K
  class space    used 18568K, committed 19648K, reserved 1048576K
GC Heap History (20 events):
Event: 98.516 GC heap after
{Heap after GC invocations=69 (full 0):
 garbage-first heap   total 294912K, used 132223K [0x0000000080000000, 0x0000000100000000)
  region size 1024K, 4 young (4096K), 4 survivors (4096K)
 Metaspace       used 120409K, committed 122432K, reserved 1179648K
  class space    used 15687K, committed 16704K, reserved 1048576K
}
Event: 114.158 GC heap before
{Heap before GC invocations=69 (full 0):
 garbage-first heap   total 294912K, used 286847K [0x0000000080000000, 0x0000000100000000)
  region size 1024K, 143 young (146432K), 4 survivors (4096K)
 Metaspace       used 122483K, committed 124544K, reserved 1179648K
  class space    used 15896K, committed 16896K, reserved 1048576K
}
Event: 114.919 GC heap after
{Heap after GC invocations=70 (full 0):
 garbage-first heap   total 297984K, used 125820K [0x0000000080000000, 0x0000000100000000)
  region size 1024K, 9 young (9216K), 9 survivors (9216K)
 Metaspace       used 122483K, committed 124544K, reserved 1179648K
  class space    used 15896K, committed 16896K, reserved 1048576K
}
Event: 120.334 GC heap before
{Heap before GC invocations=70 (full 0):
 garbage-first heap   total 297984K, used 269180K [0x0000000080000000, 0x0000000100000000)
  region size 1024K, 150 young (153600K), 9 survivors (9216K)
 Metaspace       used 122795K, committed 124864K, reserved 1179648K
  class space    used 15932K, committed 16960K, reserved 1048576K
}
Event: 120.381 GC heap after
{Heap after GC invocations=71 (full 0):
 garbage-first heap   total 297984K, used 126210K [0x0000000080000000, 0x0000000100000000)
  region size 1024K, 10 young (10240K), 10 survivors (10240K)
 Metaspace       used 122795K, committed 124864K, reserved 1179648K
  class space    used 15932K, committed 16960K, reserved 1048576K
}
Event: 129.622 GC heap before
{Heap before GC invocations=72 (full 0):
 garbage-first heap   total 297984K, used 268546K [0x0000000080000000, 0x0000000100000000)
  region size 1024K, 151 young (154624K), 10 survivors (10240K)
 Metaspace       used 123999K, committed 126144K, reserved 1179648K
  class space    used 16086K, committed 17152K, reserved 1048576K
}
Event: 129.649 GC heap after
{Heap after GC invocations=73 (full 0):
 garbage-first heap   total 297984K, used 128925K [0x0000000080000000, 0x0000000100000000)
  region size 1024K, 13 young (13312K), 13 survivors (13312K)
 Metaspace       used 123999K, committed 126144K, reserved 1179648K
  class space    used 16086K, committed 17152K, reserved 1048576K
}
Event: 129.874 GC heap before
{Heap before GC invocations=73 (full 0):
 garbage-first heap   total 297984K, used 144285K [0x0000000080000000, 0x0000000100000000)
  region size 1024K, 28 young (28672K), 13 survivors (13312K)
 Metaspace       used 124585K, committed 126720K, reserved 1179648K
  class space    used 16164K, committed 17216K, reserved 1048576K
}
Event: 129.930 GC heap after
{Heap after GC invocations=74 (full 0):
 garbage-first heap   total 297984K, used 132741K [0x0000000080000000, 0x0000000100000000)
  region size 1024K, 4 young (4096K), 4 survivors (4096K)
 Metaspace       used 124585K, committed 126720K, reserved 1179648K
  class space    used 16164K, committed 17216K, reserved 1048576K
}
Event: 132.415 GC heap before
{Heap before GC invocations=74 (full 0):
 garbage-first heap   total 297984K, used 276101K [0x0000000080000000, 0x0000000100000000)
  region size 1024K, 145 young (148480K), 4 survivors (4096K)
 Metaspace       used 133817K, committed 135936K, reserved 1179648K
  class space    used 17510K, committed 18560K, reserved 1048576K
}
Event: 132.458 GC heap after
{Heap after GC invocations=75 (full 0):
 garbage-first heap   total 297984K, used 141111K [0x0000000080000000, 0x0000000100000000)
  region size 1024K, 14 young (14336K), 14 survivors (14336K)
 Metaspace       used 133817K, committed 135936K, reserved 1179648K
  class space    used 17510K, committed 18560K, reserved 1048576K
}
Event: 134.684 GC heap before
{Heap before GC invocations=75 (full 0):
 garbage-first heap   total 297984K, used 266039K [0x0000000080000000, 0x0000000100000000)
  region size 1024K, 137 young (140288K), 14 survivors (14336K)
 Metaspace       used 138944K, committed 141120K, reserved 1179648K
  class space    used 18218K, committed 19328K, reserved 1048576K
}
Event: 134.731 GC heap after
{Heap after GC invocations=76 (full 0):
 garbage-first heap   total 297984K, used 145890K [0x0000000080000000, 0x0000000100000000)
  region size 1024K, 6 young (6144K), 6 survivors (6144K)
 Metaspace       used 138944K, committed 141120K, reserved 1179648K
  class space    used 18218K, committed 19328K, reserved 1048576K
}
Event: 136.998 GC heap before
{Heap before GC invocations=77 (full 0):
 garbage-first heap   total 297984K, used 271842K [0x0000000080000000, 0x0000000100000000)
  region size 1024K, 132 young (135168K), 6 survivors (6144K)
 Metaspace       used 141296K, committed 143488K, reserved 1179648K
  class space    used 18528K, committed 19648K, reserved 1048576K
}
Event: 137.022 GC heap after
{Heap after GC invocations=78 (full 0):
 garbage-first heap   total 297984K, used 149474K [0x0000000080000000, 0x0000000100000000)
  region size 1024K, 12 young (12288K), 12 survivors (12288K)
 Metaspace       used 141296K, committed 143488K, reserved 1179648K
  class space    used 18528K, committed 19648K, reserved 1048576K
}
Event: 137.782 GC heap before
{Heap before GC invocations=78 (full 0):
 garbage-first heap   total 297984K, used 268258K [0x0000000080000000, 0x0000000100000000)
  region size 1024K, 128 young (131072K), 12 survivors (12288K)
 Metaspace       used 141476K, committed 143680K, reserved 1179648K
  class space    used 18549K, committed 19648K, reserved 1048576K
}
Event: 137.823 GC heap after
{Heap after GC invocations=79 (full 0):
 garbage-first heap   total 297984K, used 154541K [0x0000000080000000, 0x0000000100000000)
  region size 1024K, 15 young (15360K), 15 survivors (15360K)
 Metaspace       used 141476K, committed 143680K, reserved 1179648K
  class space    used 18549K, committed 19648K, reserved 1048576K
}
Event: 138.510 GC heap before
{Heap before GC invocations=79 (full 0):
 garbage-first heap   total 297984K, used 266157K [0x0000000080000000, 0x0000000100000000)
  region size 1024K, 124 young (126976K), 15 survivors (15360K)
 Metaspace       used 141664K, committed 143808K, reserved 1179648K
  class space    used 18561K, committed 19648K, reserved 1048576K
}
Event: 138.554 GC heap after
{Heap after GC invocations=80 (full 0):
 garbage-first heap   total 297984K, used 159612K [0x0000000080000000, 0x0000000100000000)
  region size 1024K, 16 young (16384K), 16 survivors (16384K)
 Metaspace       used 141664K, committed 143808K, reserved 1179648K
  class space    used 18561K, committed 19648K, reserved 1048576K
}
Event: 139.075 GC heap before
{Heap before GC invocations=80 (full 0):
 garbage-first heap   total 297984K, used 264060K [0x0000000080000000, 0x0000000100000000)
  region size 1024K, 119 young (121856K), 16 survivors (16384K)
 Metaspace       used 141792K, committed 143936K, reserved 1179648K
  class space    used 18568K, committed 19648K, reserved 1048576K
}

