# JRE version: OpenJDK Runtime Environment (21.0.4) (build 21.0.4+-12508038-b607.1)
# Java VM: OpenJDK 64-Bit Server VM (21.0.4+-12508038-b607.1, mixed mode, tiered, compressed oops, compressed class ptrs, g1 gc, windows-amd64)
GC Precious Log:
 CardTable entry size: 512
 Card Set container configuration: InlinePtr #cards 5 size 8 Array Of Cards #cards 12 size 40 Howl #buckets 4 coarsen threshold 1843 Howl Bitmap #cards 512 size 80 coarsen threshold 460 Card regions per heap region 1 cards per card region 2048
 CPUs: 4 total, 4 available
 Memory: 4027M
 Large Page Support: Disabled
 NUMA Support: Disabled
 Compressed Oops: Enabled (32-bit)
 Heap Region Size: 1M
 Heap Min Capacity: 8M
 Heap Initial Capacity: 64M
 Heap Max Capacity: 2G
 Pre-touch: Disabled
 Parallel Workers: 4
 Concurrent Workers: 1
 Concurrent Refinement Workers: 4
 Periodic GC: Disabled
Heap:
 garbage-first heap   total 483328K, used 184320K [0x0000000080000000, 0x0000000100000000)
  region size 1024K, 6 young (6144K), 6 survivors (6144K)
 Metaspace       used 157143K, committed 158208K, reserved 1245184K
  class space    used 20118K, committed 20608K, reserved 1048576K
GC Heap History (20 events):
Event: 2748.878 GC heap after
{Heap after GC invocations=67 (full 0):
 garbage-first heap   total 240640K, used 150417K [0x0000000080000000, 0x0000000100000000)
  region size 1024K, 3 young (3072K), 3 survivors (3072K)
 Metaspace       used 127845K, committed 130304K, reserved 1179648K
  class space    used 16252K, committed 17664K, reserved 1048576K
}
Event: 2749.763 GC heap before
{Heap before GC invocations=67 (full 0):
 garbage-first heap   total 240640K, used 222097K [0x0000000080000000, 0x0000000100000000)
  region size 1024K, 59 young (60416K), 3 survivors (3072K)
 Metaspace       used 129462K, committed 131328K, reserved 1179648K
  class space    used 16382K, committed 17664K, reserved 1048576K
}
Event: 2749.809 GC heap after
{Heap after GC invocations=68 (full 0):
 garbage-first heap   total 483328K, used 152064K [0x0000000080000000, 0x0000000100000000)
  region size 1024K, 8 young (8192K), 8 survivors (8192K)
 Metaspace       used 129462K, committed 131328K, reserved 1179648K
  class space    used 16382K, committed 17664K, reserved 1048576K
}
Event: 2750.020 GC heap before
{Heap before GC invocations=68 (full 0):
 garbage-first heap   total 483328K, used 166400K [0x0000000080000000, 0x0000000100000000)
  region size 1024K, 23 young (23552K), 8 survivors (8192K)
 Metaspace       used 131084K, committed 132736K, reserved 1179648K
  class space    used 16560K, committed 17664K, reserved 1048576K
}
Event: 2750.040 GC heap after
{Heap after GC invocations=69 (full 0):
 garbage-first heap   total 483328K, used 154275K [0x0000000080000000, 0x0000000100000000)
  region size 1024K, 2 young (2048K), 2 survivors (2048K)
 Metaspace       used 131084K, committed 132736K, reserved 1179648K
  class space    used 16560K, committed 17664K, reserved 1048576K
}
Event: 2751.375 GC heap before
{Heap before GC invocations=70 (full 0):
 garbage-first heap   total 483328K, used 209571K [0x0000000080000000, 0x0000000100000000)
  region size 1024K, 57 young (58368K), 2 survivors (2048K)
 Metaspace       used 131458K, committed 133056K, reserved 1179648K
  class space    used 16564K, committed 17664K, reserved 1048576K
}
Event: 2751.386 GC heap after
{Heap after GC invocations=71 (full 0):
 garbage-first heap   total 483328K, used 156773K [0x0000000080000000, 0x0000000100000000)
  region size 1024K, 5 young (5120K), 5 survivors (5120K)
 Metaspace       used 131458K, committed 133056K, reserved 1179648K
  class space    used 16564K, committed 17664K, reserved 1048576K
}
Event: 2760.651 GC heap before
{Heap before GC invocations=71 (full 0):
 garbage-first heap   total 483328K, used 412773K [0x0000000080000000, 0x0000000100000000)
  region size 1024K, 243 young (248832K), 5 survivors (5120K)
 Metaspace       used 139152K, committed 140160K, reserved 1179648K
  class space    used 17625K, committed 18112K, reserved 1048576K
}
Event: 2760.763 GC heap after
{Heap after GC invocations=72 (full 0):
 garbage-first heap   total 483328K, used 159485K [0x0000000080000000, 0x0000000100000000)
  region size 1024K, 15 young (15360K), 15 survivors (15360K)
 Metaspace       used 139152K, committed 140160K, reserved 1179648K
  class space    used 17625K, committed 18112K, reserved 1048576K
}
Event: 2761.862 GC heap before
{Heap before GC invocations=72 (full 0):
 garbage-first heap   total 483328K, used 217853K [0x0000000080000000, 0x0000000100000000)
  region size 1024K, 73 young (74752K), 15 survivors (15360K)
 Metaspace       used 141397K, committed 142400K, reserved 1179648K
  class space    used 17933K, committed 18432K, reserved 1048576K
}
Event: 2761.915 GC heap after
{Heap after GC invocations=73 (full 0):
 garbage-first heap   total 483328K, used 165323K [0x0000000080000000, 0x0000000100000000)
  region size 1024K, 9 young (9216K), 9 survivors (9216K)
 Metaspace       used 141397K, committed 142400K, reserved 1179648K
  class space    used 17933K, committed 18432K, reserved 1048576K
}
Event: 2764.778 GC heap before
{Heap before GC invocations=74 (full 0):
 garbage-first heap   total 483328K, used 246219K [0x0000000080000000, 0x0000000100000000)
  region size 1024K, 99 young (101376K), 9 survivors (9216K)
 Metaspace       used 147805K, committed 148864K, reserved 1179648K
  class space    used 18867K, committed 19392K, reserved 1048576K
}
Event: 2764.850 GC heap after
{Heap after GC invocations=75 (full 0):
 garbage-first heap   total 483328K, used 164791K [0x0000000080000000, 0x0000000100000000)
  region size 1024K, 11 young (11264K), 11 survivors (11264K)
 Metaspace       used 147805K, committed 148864K, reserved 1179648K
  class space    used 18867K, committed 19392K, reserved 1048576K
}
Event: 2770.514 GC heap before
{Heap before GC invocations=75 (full 0):
 garbage-first heap   total 483328K, used 373687K [0x0000000080000000, 0x0000000100000000)
  region size 1024K, 216 young (221184K), 11 survivors (11264K)
 Metaspace       used 156696K, committed 157824K, reserved 1245184K
  class space    used 20067K, committed 20608K, reserved 1048576K
}
Event: 2770.624 GC heap after
{Heap after GC invocations=76 (full 0):
 garbage-first heap   total 483328K, used 171520K [0x0000000080000000, 0x0000000100000000)
  region size 1024K, 21 young (21504K), 21 survivors (21504K)
 Metaspace       used 156696K, committed 157824K, reserved 1245184K
  class space    used 20067K, committed 20608K, reserved 1048576K
}
Event: 2773.468 GC heap before
{Heap before GC invocations=76 (full 0):
 garbage-first heap   total 483328K, used 374272K [0x0000000080000000, 0x0000000100000000)
  region size 1024K, 217 young (222208K), 21 survivors (21504K)
 Metaspace       used 157093K, committed 158144K, reserved 1245184K
  class space    used 20113K, committed 20608K, reserved 1048576K
}
Event: 2774.183 GC heap after
{Heap after GC invocations=77 (full 0):
 garbage-first heap   total 483328K, used 183028K [0x0000000080000000, 0x0000000100000000)
  region size 1024K, 24 young (24576K), 24 survivors (24576K)
 Metaspace       used 157093K, committed 158144K, reserved 1245184K
  class space    used 20113K, committed 20608K, reserved 1048576K
}
Event: 2774.207 GC heap before
{Heap before GC invocations=77 (full 0):
 garbage-first heap   total 483328K, used 184052K [0x0000000080000000, 0x0000000100000000)
  region size 1024K, 25 young (25600K), 24 survivors (24576K)
 Metaspace       used 157093K, committed 158144K, reserved 1245184K
  class space    used 20113K, committed 20608K, reserved 1048576K
}
Event: 2774.517 GC heap after
{Heap after GC invocations=78 (full 0):
 garbage-first heap   total 483328K, used 181760K [0x0000000080000000, 0x0000000100000000)
  region size 1024K, 2 young (2048K), 2 survivors (2048K)
 Metaspace       used 157093K, committed 158144K, reserved 1245184K
  class space    used 20113K, committed 20608K, reserved 1048576K
}
Event: 2774.828 GC heap before
{Heap before GC invocations=78 (full 0):
 garbage-first heap   total 483328K, used 239104K [0x0000000080000000, 0x0000000100000000)
  region size 1024K, 58 young (59392K), 2 survivors (2048K)
 Metaspace       used 157143K, committed 158208K, reserved 1245184K
  class space    used 20118K, committed 20608K, reserved 1048576K
}

